La génération a démarré 26/12/2010 23:27:34.
     1>Projet "C:\Users\Max\Desktop\TP 4INFO\TPs CPOO\Gareth & Maxime\Projet\Wrapper\Canon_Noir_Dll\Canon_Noir_Dll\Canon_Noir_Dll.vcxproj" sur le nœud 2 (build cible(s)).
     1>InitializeBuildStatus:
         Mise à jour de l'horodatage "Debug\Canon_Noir_Dll.unsuccessfulbuild".
       ClCompile:
         Toutes les sorties sont à jour.
         C:\Program Files (x86)\Microsoft Visual Studio 10.0\VC\bin\CL.exe /c /ZI /nologo /W3 /WX- /Od /Oy- /D WIN32 /D _WINDOWS /D _DEBUG /D _USRDLL /D _WINDLL /D _UNICODE /D UNICODE /D _AFXDLL /Gm /EHsc /RTC1 /MDd /GS /fp:precise /Zc:wchar_t /Zc:forScope /Yu"StdAfx.h" /Fp"Debug\Canon_Noir_Dll.pch" /Fo"Debug\\" /Fd"Debug\vc100.pdb" /Gd /TP /analyze- /errorReport:prompt ..\..\..\CanonNoir_Moteur_C++\fichiers\AttenteInitialisation.cpp ..\..\..\CanonNoir_Moteur_C++\fichiers\AttentePremLancerDe.cpp ..\..\..\CanonNoir_Moteur_C++\fichiers\MoteurJeu.cpp
         MoteurJeu.cpp
         AttentePremLancerDe.cpp
         AttenteInitialisation.cpp
         Génération de code en cours...
       ResourceCompile:
         Toutes les sorties sont à jour.
       ManifestResourceCompile:
         Toutes les sorties sont à jour.
       Link:
         C:\Program Files (x86)\Microsoft Visual Studio 10.0\VC\bin\link.exe /ERRORREPORT:PROMPT /OUT:"C:\Users\Max\Desktop\TP 4INFO\TPs CPOO\Gareth & Maxime\Projet\Wrapper\Canon_Noir_Dll\Debug\Canon_Noir_Dll.dll" /INCREMENTAL /NOLOGO /DEF:".\Canon_Noir_Dll.def" /MANIFEST /ManifestFile:"Debug\Canon_Noir_Dll.dll.intermediate.manifest" /MANIFESTUAC:"level='asInvoker' uiAccess='false'" /DEBUG /PDB:"C:\Users\Max\Desktop\TP 4INFO\TPs CPOO\Gareth & Maxime\Projet\Wrapper\Canon_Noir_Dll\Debug\Canon_Noir_Dll.pdb" /SUBSYSTEM:WINDOWS /TLBID:1 /DYNAMICBASE /NXCOMPAT /IMPLIB:"C:\Users\Max\Desktop\TP 4INFO\TPs CPOO\Gareth & Maxime\Projet\Wrapper\Canon_Noir_Dll\Debug\Canon_Noir_Dll.lib" /MACHINE:X86 /DLL Debug\Canon_Noir_Dll.res
         Debug\Canon_Noir_Dll.dll.embed.manifest.res
         Debug\AttenteCanonAngle.obj
         Debug\AttenteCanonPuissance.obj
         Debug\AttenteChoixBateau.obj
         Debug\AttenteChoixDe.obj
         Debug\AttenteInitialisation.obj
         Debug\AttenteLancerDe.obj
         Debug\AttenteNbJoueurs.obj
         Debug\AttentePremLancerDe.obj
         Debug\Bateau.obj
         Debug\Caravelle.obj
         Debug\Case.obj
         Debug\CaseBordurePlateau.obj
         Debug\CaseCanonNoir.obj
         Debug\CaseContourIle.obj
         Debug\CaseIle.obj
         Debug\CaseNavigable.obj
         Debug\CasePort.obj
         Debug\CaseTresor.obj
         "Debug\Dé.obj"
         Debug\Etat.obj
         Debug\EtatCanonFin.obj
         Debug\EtatTir.obj
         Debug\Facade.obj
         Debug\FenetreInit.obj
         Debug\FenetreTir.obj
         Debug\Fregate.obj
         Debug\Joueur.obj
         Debug\Main.obj
         Debug\MoteurJeu.obj
         Debug\Plateau.obj
         Debug\ProposeDeplacement.obj
         Debug\Radeau.obj
         Debug\Canon_Noir_Dll.obj
         Debug\stdafx.obj
            Création de la bibliothèque C:\Users\Max\Desktop\TP 4INFO\TPs CPOO\Gareth & Maxime\Projet\Wrapper\Canon_Noir_Dll\Debug\Canon_Noir_Dll.lib et de l'objet C:\Users\Max\Desktop\TP 4INFO\TPs CPOO\Gareth & Maxime\Projet\Wrapper\Canon_Noir_Dll\Debug\Canon_Noir_Dll.exp
     1>AttenteInitialisation.obj : error LNK2001: symbole externe non résolu "public: static int * AttentePremLancerDe::resDe" (?resDe@AttentePremLancerDe@@2PAHA)
     1>AttentePremLancerDe.obj : error LNK2001: symbole externe non résolu "public: static int * AttentePremLancerDe::resDe" (?resDe@AttentePremLancerDe@@2PAHA)
     1>MoteurJeu.obj : error LNK2001: symbole externe non résolu "public: static int * AttentePremLancerDe::resDe" (?resDe@AttentePremLancerDe@@2PAHA)
     1>AttenteInitialisation.obj : error LNK2001: symbole externe non résolu "public: static int AttentePremLancerDe::nbLance" (?nbLance@AttentePremLancerDe@@2HA)
     1>AttentePremLancerDe.obj : error LNK2019: symbole externe non résolu "public: static int AttentePremLancerDe::nbLance" (?nbLance@AttentePremLancerDe@@2HA) référencé dans la fonction "public: __thiscall Case::Case(class Case const &)" (??0Case@@QAE@ABV0@@Z)
     1>MoteurJeu.obj : error LNK2001: symbole externe non résolu "public: static int AttentePremLancerDe::nbLance" (?nbLance@AttentePremLancerDe@@2HA)
     1>EtatTir.obj : error LNK2001: symbole externe non résolu "public: virtual void __thiscall FenetreTir::champPuissance(void)" (?champPuissance@FenetreTir@@UAEXXZ)
     1>FenetreTir.obj : error LNK2001: symbole externe non résolu "public: virtual void __thiscall FenetreTir::champPuissance(void)" (?champPuissance@FenetreTir@@UAEXXZ)
     1>EtatTir.obj : error LNK2001: symbole externe non résolu "public: virtual void __thiscall FenetreTir::champAngle(void)" (?champAngle@FenetreTir@@UAEXXZ)
     1>FenetreTir.obj : error LNK2001: symbole externe non résolu "public: virtual void __thiscall FenetreTir::champAngle(void)" (?champAngle@FenetreTir@@UAEXXZ)
     1>EtatTir.obj : error LNK2001: symbole externe non résolu "public: virtual void __thiscall FenetreTir::fermerFenetre(void)" (?fermerFenetre@FenetreTir@@UAEXXZ)
     1>FenetreTir.obj : error LNK2001: symbole externe non résolu "public: virtual void __thiscall FenetreTir::fermerFenetre(void)" (?fermerFenetre@FenetreTir@@UAEXXZ)
     1>EtatTir.obj : error LNK2001: symbole externe non résolu "public: virtual void __thiscall FenetreTir::clicTir(void)" (?clicTir@FenetreTir@@UAEXXZ)
     1>FenetreTir.obj : error LNK2001: symbole externe non résolu "public: virtual void __thiscall FenetreTir::clicTir(void)" (?clicTir@FenetreTir@@UAEXXZ)
     1>EtatTir.obj : error LNK2001: symbole externe non résolu "public: virtual void __thiscall FenetreTir::rafraichir(void)" (?rafraichir@FenetreTir@@UAEXXZ)
     1>FenetreTir.obj : error LNK2001: symbole externe non résolu "public: virtual void __thiscall FenetreTir::rafraichir(void)" (?rafraichir@FenetreTir@@UAEXXZ)
     1>EtatTir.obj : error LNK2001: symbole externe non résolu "public: virtual void __thiscall FenetreTir::clicRefuserDuel(void)" (?clicRefuserDuel@FenetreTir@@UAEXXZ)
     1>FenetreTir.obj : error LNK2001: symbole externe non résolu "public: virtual void __thiscall FenetreTir::clicRefuserDuel(void)" (?clicRefuserDuel@FenetreTir@@UAEXXZ)
     1>FenetreInit.obj : error LNK2001: symbole externe non résolu "public: virtual void __thiscall FenetreInit::clicNbJoueurs2(void)" (?clicNbJoueurs2@FenetreInit@@UAEXXZ)
     1>FenetreInit.obj : error LNK2001: symbole externe non résolu "public: virtual void __thiscall FenetreInit::clicNbJoueurs4(void)" (?clicNbJoueurs4@FenetreInit@@UAEXXZ)
     1>FenetreInit.obj : error LNK2001: symbole externe non résolu "public: virtual void __thiscall FenetreInit::clicInit(void)" (?clicInit@FenetreInit@@UAEXXZ)
     1>FenetreInit.obj : error LNK2001: symbole externe non résolu "public: virtual void __thiscall FenetreInit::fermerFenetre(void)" (?fermerFenetre@FenetreInit@@UAEXXZ)
     1>FenetreInit.obj : error LNK2001: symbole externe non résolu "public: virtual void __thiscall FenetreInit::champNom(void)" (?champNom@FenetreInit@@UAEXXZ)
     1>FenetreInit.obj : error LNK2001: symbole externe non résolu "public: virtual void __thiscall FenetreInit::champCouleur(void)" (?champCouleur@FenetreInit@@UAEXXZ)
     1>FenetreInit.obj : error LNK2001: symbole externe non résolu "public: virtual void __thiscall FenetreInit::rafraichir(void)" (?rafraichir@FenetreInit@@UAEXXZ)
     1>FenetreInit.obj : error LNK2001: symbole externe non résolu "public: virtual void __thiscall FenetreInit::clicNbJoueurs3(void)" (?clicNbJoueurs3@FenetreInit@@UAEXXZ)
     1>MoteurJeu.obj : error LNK2001: symbole externe non résolu "public: virtual void __thiscall AttenteDeplacement::execute(void)" (?execute@AttenteDeplacement@@UAEXXZ)
     1>MoteurJeu.obj : error LNK2001: symbole externe non résolu "public: virtual void __thiscall Duel::execute(void)" (?execute@Duel@@UAEXXZ)
     1>MoteurJeu.obj : error LNK2001: symbole externe non résolu "public: virtual void __thiscall EtatTresor::execute(void)" (?execute@EtatTresor@@UAEXXZ)
     1>MoteurJeu.obj : error LNK2001: symbole externe non résolu "public: virtual void __thiscall EtatDepot::execute(void)" (?execute@EtatDepot@@UAEXXZ)
     1>MoteurJeu.obj : error LNK2001: symbole externe non résolu "public: virtual void __thiscall EtatFinPartie::execute(void)" (?execute@EtatFinPartie@@UAEXXZ)
     1>MoteurJeu.obj : error LNK2019: symbole externe non résolu "public: __thiscall EtatDepot::EtatDepot(void)" (??0EtatDepot@@QAE@XZ) référencé dans la fonction "public: __thiscall MoteurJeu::MoteurJeu(void)" (??0MoteurJeu@@QAE@XZ)
     1>C:\Users\Max\Desktop\TP 4INFO\TPs CPOO\Gareth & Maxime\Projet\Wrapper\Canon_Noir_Dll\Debug\Canon_Noir_Dll.dll : fatal error LNK1120: 22 externes non résolus
     1>Génération du projet "C:\Users\Max\Desktop\TP 4INFO\TPs CPOO\Gareth & Maxime\Projet\Wrapper\Canon_Noir_Dll\Canon_Noir_Dll\Canon_Noir_Dll.vcxproj" terminée (build cible(s)) -- ÉCHEC.

ÉCHEC de la build.

Temps écoulé 00:00:02.11
