La génération a démarré 06/11/2010 00:33:39.
     1>Projet "D:\Users\Gareth\Desktop\4INFO\TPs 4INFO\TPs CPOO\TP5\TP5\TP5.vcxproj" sur le nœud 2 (build cible(s)).
     1>InitializeBuildStatus:
         Création de "Debug\TP5.unsuccessfulbuild", car "AlwaysCreate" a été spécifié.
       ClCompile:
         C:\Program Files\Microsoft Visual Studio 10.0\VC\bin\CL.exe /c /ZI /nologo /W3 /WX- /Od /Oy- /D WIN32 /D _DEBUG /D _CONSOLE /D _UNICODE /D UNICODE /Gm /EHsc /RTC1 /MDd /GS /fp:precise /Zc:wchar_t /Zc:forScope /Fo"Debug\\" /Fd"Debug\vc100.pdb" /Gd /TP /analyze- /errorReport:prompt main.cpp
         main.cpp
     1>d:\users\gareth\desktop\4info\tps 4info\tps cpoo\tp5\tp5\list.h(165): warning C4800: 'int' : valeur forcée à la valeur booléenne 'true' ou 'false' (avertissement sur les performances)
                 d:\users\gareth\desktop\4info\tps 4info\tps cpoo\tp5\tp5\list.h(156) : lors de la compilation de la fonction membre 'bool List<T>::operator ==(const T &) const' de la classe modèle
                 with
                 [
                     T=int
                 ]
                 d:\users\gareth\desktop\4info\tps 4info\tps cpoo\tp5\tp5\ensemble.h(28) : voir la référence à l'instanciation de la classe modèle 'List<T>' en cours de compilation
                 with
                 [
                     T=int
                 ]
                 d:\users\gareth\desktop\4info\tps 4info\tps cpoo\tp5\tp5\main.cpp(16) : voir la référence à l'instanciation de la classe modèle 'Ensemble<T>' en cours de compilation
                 with
                 [
                     T=int
                 ]
       ManifestResourceCompile:
         Toutes les sorties sont à jour.
       Link:
         C:\Program Files\Microsoft Visual Studio 10.0\VC\bin\link.exe /ERRORREPORT:PROMPT /OUT:"D:\Users\Gareth\Desktop\4INFO\TPs 4INFO\TPs CPOO\TP5\Debug\TP5.exe" /INCREMENTAL /NOLOGO kernel32.lib user32.lib gdi32.lib winspool.lib comdlg32.lib advapi32.lib shell32.lib ole32.lib oleaut32.lib uuid.lib odbc32.lib odbccp32.lib /MANIFEST /ManifestFile:"Debug\TP5.exe.intermediate.manifest" /MANIFESTUAC:"level='asInvoker' uiAccess='false'" /DEBUG /PDB:"D:\Users\Gareth\Desktop\4INFO\TPs 4INFO\TPs CPOO\TP5\Debug\TP5.pdb" /SUBSYSTEM:CONSOLE /TLBID:1 /DYNAMICBASE /NXCOMPAT /IMPLIB:"D:\Users\Gareth\Desktop\4INFO\TPs 4INFO\TPs CPOO\TP5\Debug\TP5.lib" /MACHINE:X86 Debug\TP5.exe.embed.manifest.res
         Debug\main.obj
       Manifest:
         C:\Program Files\Microsoft SDKs\Windows\v7.0A\bin\mt.exe /nologo /verbose /out:"Debug\TP5.exe.embed.manifest" /manifest Debug\TP5.exe.intermediate.manifest
         Toutes les sorties sont à jour.
       LinkEmbedManifest:
         Toutes les sorties sont à jour.
         TP5.vcxproj -> D:\Users\Gareth\Desktop\4INFO\TPs 4INFO\TPs CPOO\TP5\Debug\TP5.exe
       FinalizeBuildStatus:
         Suppression du fichier "Debug\TP5.unsuccessfulbuild".
         Mise à jour de l'horodatage "Debug\TP5.lastbuildstate".
     1>Génération du projet "D:\Users\Gareth\Desktop\4INFO\TPs 4INFO\TPs CPOO\TP5\TP5\TP5.vcxproj" terminée (build cible(s)).

La génération a réussi.

Temps écoulé 00:00:08.23
