La génération a démarré 13/12/2010 22:22:45.
     1>Projet "C:\Users\Max\Desktop\TP 4INFO\TPs CPOO\Gareth & Maxime\Projet\CanonNoir_Moteur_C++\CanonNoirMoteur\CanonNoirMoteur\CanonNoirMoteur.vcxproj" sur le nœud 2 (build cible(s)).
     1>InitializeBuildStatus:
         Mise à jour de l'horodatage "Debug\CanonNoirMoteur.unsuccessfulbuild".
       ClCompile:
         C:\Program Files (x86)\Microsoft Visual Studio 10.0\VC\bin\CL.exe /c /I"C:\Users\Max\Desktop\TP 4INFO\TPs CPOO\Gareth & Maxime\Projet\CanonNoir_Moteur_C++\fichiers" /I"D:\Users\Gareth\Desktop\4INFO\SVN TP4INFO\TPs CPOO\Gareth & Maxime\Projet\CanonNoir_Moteur_C++\fichiers" /ZI /nologo /W3 /WX- /Od /Oy- /D WIN32 /D _DEBUG /D _CONSOLE /D _UNICODE /D UNICODE /Gm /EHsc /RTC1 /MDd /GS /fp:precise /Zc:wchar_t /Zc:forScope /Fo"Debug\\" /Fd"Debug\vc100.pdb" /Gd /TP /analyze- /errorReport:prompt ..\..\fichiers\AttenteInitialisation.cpp ..\..\fichiers\AttenteNbJoueurs.cpp ..\..\fichiers\Bateau.cpp ..\..\fichiers\Caravelle.cpp ..\..\fichiers\Case.cpp ..\..\fichiers\CaseBordurePlateau.cpp ..\..\fichiers\CaseCanonNoir.cpp ..\..\fichiers\CaseContourIle.cpp ..\..\fichiers\CaseIle.cpp ..\..\fichiers\CaseNavigable.cpp ..\..\fichiers\CasePort.cpp ..\..\fichiers\CaseTresor.cpp ..\..\fichiers\Etat.cpp ..\..\fichiers\Facade.cpp ..\..\fichiers\Fregate.cpp ..\..\fichiers\Joueur.cpp ..\..\fichiers\MoteurJeu.cpp ..\..\fichiers\Plateau.cpp ..\..\fichiers\Radeau.cpp
         Radeau.cpp
         Plateau.cpp
     1>c:\users\max\desktop\tp 4info\tps cpoo\gareth & maxime\projet\canonnoir_moteur_c++\fichiers\plateau.cpp(122): error C2143: erreur de syntaxe : absence de ';' avant ')'
         MoteurJeu.cpp
         Joueur.cpp
         Fregate.cpp
         Facade.cpp
         Etat.cpp
         CaseTresor.cpp
         CasePort.cpp
         CaseNavigable.cpp
         CaseIle.cpp
         CaseContourIle.cpp
         CaseCanonNoir.cpp
         CaseBordurePlateau.cpp
         Case.cpp
         Caravelle.cpp
         Bateau.cpp
         AttenteNbJoueurs.cpp
         AttenteInitialisation.cpp
     1>c:\users\max\desktop\tp 4info\tps cpoo\gareth & maxime\projet\canonnoir_moteur_c++\fichiers\attenteinitialisation.cpp(18): error C2027: utilisation du type non défini 'Plateau'
                 c:\users\max\desktop\tp 4info\tps cpoo\gareth & maxime\projet\canonnoir_moteur_c++\fichiers\moteurjeu.h(14) : voir la déclaration de 'Plateau'
     1>c:\users\max\desktop\tp 4info\tps cpoo\gareth & maxime\projet\canonnoir_moteur_c++\fichiers\attenteinitialisation.cpp(18): error C2227: la partie gauche de '->getCasePort' doit pointer vers un type class/struct/union/générique
     1>c:\users\max\desktop\tp 4info\tps cpoo\gareth & maxime\projet\canonnoir_moteur_c++\fichiers\attenteinitialisation.cpp(19): error C2027: utilisation du type non défini 'Plateau'
                 c:\users\max\desktop\tp 4info\tps cpoo\gareth & maxime\projet\canonnoir_moteur_c++\fichiers\moteurjeu.h(14) : voir la déclaration de 'Plateau'
     1>c:\users\max\desktop\tp 4info\tps cpoo\gareth & maxime\projet\canonnoir_moteur_c++\fichiers\attenteinitialisation.cpp(19): error C2227: la partie gauche de '->getCasePort' doit pointer vers un type class/struct/union/générique
     1>c:\users\max\desktop\tp 4info\tps cpoo\gareth & maxime\projet\canonnoir_moteur_c++\fichiers\attenteinitialisation.cpp(20): error C2027: utilisation du type non défini 'Plateau'
                 c:\users\max\desktop\tp 4info\tps cpoo\gareth & maxime\projet\canonnoir_moteur_c++\fichiers\moteurjeu.h(14) : voir la déclaration de 'Plateau'
     1>c:\users\max\desktop\tp 4info\tps cpoo\gareth & maxime\projet\canonnoir_moteur_c++\fichiers\attenteinitialisation.cpp(20): error C2227: la partie gauche de '->getCasePort' doit pointer vers un type class/struct/union/générique
     1>c:\users\max\desktop\tp 4info\tps cpoo\gareth & maxime\projet\canonnoir_moteur_c++\fichiers\attenteinitialisation.cpp(21): error C2027: utilisation du type non défini 'Plateau'
                 c:\users\max\desktop\tp 4info\tps cpoo\gareth & maxime\projet\canonnoir_moteur_c++\fichiers\moteurjeu.h(14) : voir la déclaration de 'Plateau'
     1>c:\users\max\desktop\tp 4info\tps cpoo\gareth & maxime\projet\canonnoir_moteur_c++\fichiers\attenteinitialisation.cpp(21): error C2227: la partie gauche de '->getCasePort' doit pointer vers un type class/struct/union/générique
         Génération de code en cours...
     1>Génération du projet "C:\Users\Max\Desktop\TP 4INFO\TPs CPOO\Gareth & Maxime\Projet\CanonNoir_Moteur_C++\CanonNoirMoteur\CanonNoirMoteur\CanonNoirMoteur.vcxproj" terminée (build cible(s)) -- ÉCHEC.

ÉCHEC de la build.

Temps écoulé 00:00:25.36
