La génération a démarré 07/10/2010 19:40:26.
     1>Projet "C:\Users\Max\Documents\TpCOO\TP3\TP3_AppliWin32\TP3\TP3\TP3.vcxproj" sur le nœud 2 (build cible(s)).
     1>InitializeBuildStatus:
         Mise à jour de l'horodatage "Debug\TP3.unsuccessfulbuild".
       ClCompile:
         C:\Program Files (x86)\Microsoft Visual Studio 10.0\VC\bin\CL.exe /c /ZI /nologo /W3 /WX- /Od /Oy- /D WIN32 /D _DEBUG /D _CONSOLE /D _UNICODE /D UNICODE /Gm /EHsc /RTC1 /MDd /GS /fp:precise /Zc:wchar_t /Zc:forScope /Fo"Debug\\" /Fd"Debug\vc100.pdb" /Gd /TP /analyze- /errorReport:prompt ..\..\..\TP3\TP3\ange.cpp
         ange.cpp
       ManifestResourceCompile:
         Toutes les sorties sont à jour.
       Link:
         C:\Program Files (x86)\Microsoft Visual Studio 10.0\VC\bin\link.exe /ERRORREPORT:PROMPT /OUT:"C:\Users\Max\Documents\TpCOO\TP3\TP3_AppliWin32\TP3\Debug\TP3.exe" /INCREMENTAL /NOLOGO kernel32.lib user32.lib gdi32.lib winspool.lib comdlg32.lib advapi32.lib shell32.lib ole32.lib oleaut32.lib uuid.lib odbc32.lib odbccp32.lib /MANIFEST /ManifestFile:"Debug\TP3.exe.intermediate.manifest" /MANIFESTUAC:"level='asInvoker' uiAccess='false'" /DEBUG /PDB:"C:\Users\Max\Documents\TpCOO\TP3\TP3_AppliWin32\TP3\Debug\TP3.pdb" /SUBSYSTEM:CONSOLE /TLBID:1 /DYNAMICBASE /NXCOMPAT /IMPLIB:"C:\Users\Max\Documents\TpCOO\TP3\TP3_AppliWin32\TP3\Debug\TP3.lib" /MACHINE:X86 Debug\TP3.exe.embed.manifest.res
         Debug\alea.obj
         Debug\ange.obj
         Debug\angeAleatoire.obj
         Debug\angeHumain.obj
         Debug\case.obj
         Debug\damier.obj
         Debug\diable.obj
         Debug\diableAleatoire.obj
         Debug\diableHumain.obj
         Debug\joueur.obj
         Debug\main.obj
         Debug\partie.obj
       Manifest:
         C:\Program Files (x86)\Microsoft SDKs\Windows\v7.0A\bin\mt.exe /nologo /verbose /out:"Debug\TP3.exe.embed.manifest" /manifest Debug\TP3.exe.intermediate.manifest
         Toutes les sorties sont à jour.
       LinkEmbedManifest:
         Toutes les sorties sont à jour.
         TP3.vcxproj -> C:\Users\Max\Documents\TpCOO\TP3\TP3_AppliWin32\TP3\Debug\TP3.exe
       FinalizeBuildStatus:
         Suppression du fichier "Debug\TP3.unsuccessfulbuild".
         Mise à jour de l'horodatage "Debug\TP3.lastbuildstate".
     1>Génération du projet "C:\Users\Max\Documents\TpCOO\TP3\TP3_AppliWin32\TP3\TP3\TP3.vcxproj" terminée (build cible(s)).

La génération a réussi.

Temps écoulé 00:00:01.38
