This is pdfTeX, Version 3.1415926-1.40.10 (MiKTeX 2.8) (preloaded format=pdflatex 2009.11.26)  8 OCT 2010 13:21
entering extended mode
**CR_CPOO.tex
("D:\Users\Gareth\Desktop\TPs 4INFO\TPs CPOO\TP3\CR_CPOO.tex"
LaTeX2e <2005/12/01>
Babel <v3.8l> and hyphenation patterns for english, dumylang, nohyphenation, ge
rman, ngerman, german-x-2009-06-19, ngerman-x-2009-06-19, french, loaded.
("D:\Program Files\MiKTeX 2.8\tex\latex\base\article.cls"
Document Class: article 2005/09/16 v1.4f Standard LaTeX document class
("D:\Program Files\MiKTeX 2.8\tex\latex\base\size12.clo"
File: size12.clo 2005/09/16 v1.4f Standard LaTeX file (size option)
)
\c@part=\count79
\c@section=\count80
\c@subsection=\count81
\c@subsubsection=\count82
\c@paragraph=\count83
\c@subparagraph=\count84
\c@figure=\count85
\c@table=\count86
\abovecaptionskip=\skip41
\belowcaptionskip=\skip42
\bibindent=\dimen102
)
("D:\Program Files\MiKTeX 2.8\tex\latex\unicode\ucs.sty"
Package: ucs 2004/10/17 UCS: Unicode input support

("D:\Program Files\MiKTeX 2.8\tex\latex\unicode\data\uni-global.def"
File: uni-global.def 2004/10/17 UCS: Unicode global data
)
\uc@secondtry=\count87
\uc@combtoks=\toks14
\uc@combtoksb=\toks15
\uc@temptokena=\toks16
)
("D:\Program Files\MiKTeX 2.8\tex\latex\base\inputenc.sty"
Package: inputenc 2006/05/05 v1.1b Input encoding file
\inpenc@prehook=\toks17
\inpenc@posthook=\toks18

("D:\Program Files\MiKTeX 2.8\tex\latex\unicode\utf8x.def"
File: utf8x.def 2004/10/17 UCS: Input encoding UTF-8
))
("D:\Program Files\MiKTeX 2.8\tex\latex\base\fontenc.sty"
Package: fontenc 2005/09/27 v1.99g Standard LaTeX package

("D:\Program Files\MiKTeX 2.8\tex\latex\base\t1enc.def"
File: t1enc.def 2005/09/27 v1.99g Standard LaTeX file
LaTeX Font Info:    Redeclaring font encoding T1 on input line 43.
))
("D:\Program Files\MiKTeX 2.8\tex\generic\babel\babel.sty"
Package: babel 2008/07/06 v3.8l The Babel package

*************************************
* Local config file bblopts.cfg used
*
("D:\Program Files\MiKTeX 2.8\tex\latex\00miktex\bblopts.cfg"
File: bblopts.cfg 2006/07/31 v1.0 MiKTeX 'babel' configuration
)
("D:\Program Files\MiKTeX 2.8\tex\generic\babel\frenchb.ldf"
Language: frenchb 2008/05/08 v2.2a French support from the babel system

("D:\Program Files\MiKTeX 2.8\tex\generic\babel\babel.def"
File: babel.def 2008/07/06 v3.8l Babel common definitions
\babel@savecnt=\count88
\U@D=\dimen103
)
Package babel Info: Making : an active character on input line 119.
Package babel Info: Making ; an active character on input line 120.
Package babel Info: Making ! an active character on input line 121.
Package babel Info: Making ? an active character on input line 122.
\FB@Mht=\dimen104
\std@mcc=\count89
\dec@mcc=\count90
\parindentFFN=\dimen105

*************************************
* Local config file frenchb.cfg used
*
("D:\Program Files\MiKTeX 2.8\tex\generic\babel\frenchb.cfg")))
("D:\Program Files\MiKTeX 2.8\tex\latex\carlisle\scalefnt.sty")
("D:\Program Files\MiKTeX 2.8\tex\latex\graphics\keyval.sty"
Package: keyval 1999/03/16 v1.13 key=value parser (DPC)
\KV@toks@=\toks19
)
("D:\Program Files\MiKTeX 2.8\tex\latex\graphics\graphicx.sty"
Package: graphicx 1999/02/16 v1.0f Enhanced LaTeX Graphics (DPC,SPQR)

("D:\Program Files\MiKTeX 2.8\tex\latex\graphics\graphics.sty"
Package: graphics 2006/02/20 v1.0o Standard LaTeX Graphics (DPC,SPQR)

("D:\Program Files\MiKTeX 2.8\tex\latex\graphics\trig.sty"
Package: trig 1999/03/16 v1.09 sin cos tan (DPC)
)
("D:\Program Files\MiKTeX 2.8\tex\latex\00miktex\graphics.cfg"
File: graphics.cfg 2007/01/18 v1.5 graphics configuration of teTeX/TeXLive
)
Package graphics Info: Driver file: pdftex.def on input line 90.

("D:\Program Files\MiKTeX 2.8\tex\latex\pdftex-def\pdftex.def"
File: pdftex.def 2009/08/25 v0.04m Graphics/color for pdfTeX
\Gread@gobject=\count91
))
\Gin@req@height=\dimen106
\Gin@req@width=\dimen107
)
("D:\Program Files\MiKTeX 2.8\tex\latex\subfigure\subfigure.sty"
Package: subfigure 2002/07/30 v2.1.4 subfigure package
\subfigtopskip=\skip43
\subfigcapskip=\skip44
\subfigcaptopadj=\dimen108
\subfigbottomskip=\skip45
\subfigcapmargin=\dimen109
\subfiglabelskip=\skip46
\c@subfigure=\count92
\c@lofdepth=\count93
\c@subtable=\count94
\c@lotdepth=\count95

****************************************
* Local config file subfigure.cfg used *
****************************************
("D:\Program Files\MiKTeX 2.8\tex\latex\subfigure\subfigure.cfg")
\subfig@top=\skip47
\subfig@bottom=\skip48
)
("D:\Program Files\MiKTeX 2.8\tex\latex\graphics\color.sty"
Package: color 2005/11/14 v1.0j Standard LaTeX Color (DPC)

("D:\Program Files\MiKTeX 2.8\tex\latex\00miktex\color.cfg"
File: color.cfg 2007/01/18 v1.5 color configuration of teTeX/TeXLive
)
Package color Info: Driver file: pdftex.def on input line 130.
)
("D:\Program Files\MiKTeX 2.8\tex\latex\listings\listings.sty"
\lst@mode=\count96
\lst@gtempboxa=\box26
\lst@token=\toks20
\lst@length=\count97
\lst@currlwidth=\dimen110
\lst@column=\count98
\lst@pos=\count99
\lst@lostspace=\dimen111
\lst@width=\dimen112
\lst@newlines=\count100
\lst@lineno=\count101
\lst@maxwidth=\dimen113

("D:\Program Files\MiKTeX 2.8\tex\latex\listings\lstmisc.sty"
File: lstmisc.sty 2007/02/22 1.4 (Carsten Heinz)
\c@lstnumber=\count102
\lst@skipnumbers=\count103
\lst@framebox=\box27
)
("D:\Program Files\MiKTeX 2.8\tex\latex\listings\listings.cfg"
File: listings.cfg 2007/02/22 1.4 listings configuration
))
Package: listings 2007/02/22 1.4 (Carsten Heinz)

("D:\Program Files\MiKTeX 2.8\tex\latex\oberdiek\listingsutf8.sty"
Package: listingsutf8 2007/11/11 v1.1 Adding support for UTF-8 to listings (HO)


("D:\Program Files\MiKTeX 2.8\tex\generic\oberdiek\pdftexcmds.sty"
Package: pdftexcmds 2009/04/10 v0.4 LuaTeX support for pdfTeX utility functions
 (HO)

("D:\Program Files\MiKTeX 2.8\tex\generic\oberdiek\infwarerr.sty"
Package: infwarerr 2007/09/09 v1.2 Providing info/warning/message (HO)
)
("D:\Program Files\MiKTeX 2.8\tex\generic\oberdiek\ifluatex.sty"
Package: ifluatex 2009/04/17 v1.2 Provides the ifluatex switch (HO)
Package ifluatex Info: LuaTeX not detected.
)
Package pdftexcmds Info: LuaTeX not detected on input line 144.
)
("D:\Program Files\MiKTeX 2.8\tex\generic\oberdiek\stringenc.sty"
Package: stringenc 2008/10/27 v1.6 Converts strings between encodings (HO)

("D:\Program Files\MiKTeX 2.8\tex\generic\oberdiek\pdfescape.sty"
Package: pdfescape 2007/11/11 v1.8 Provides hex, PDF name and string conversion
s (HO)
)))
("D:\Program Files\MiKTeX 2.8\tex\latex\listings\lstlang1.sty"
File: lstlang1.sty 2004/09/05 1.3 listings language file
)
("D:\Program Files\MiKTeX 2.8\tex\latex\listings\lstlang1.sty"
File: lstlang1.sty 2004/09/05 1.3 listings language file
)
No file CR_CPOO.aux.
LaTeX Font Info:    Checking defaults for OML/cmm/m/it on input line 63.
LaTeX Font Info:    ... okay on input line 63.
LaTeX Font Info:    Checking defaults for T1/cmr/m/n on input line 63.
LaTeX Font Info:    ... okay on input line 63.
LaTeX Font Info:    Checking defaults for OT1/cmr/m/n on input line 63.
LaTeX Font Info:    ... okay on input line 63.
LaTeX Font Info:    Checking defaults for OMS/cmsy/m/n on input line 63.
LaTeX Font Info:    ... okay on input line 63.
LaTeX Font Info:    Checking defaults for OMX/cmex/m/n on input line 63.
LaTeX Font Info:    ... okay on input line 63.
LaTeX Font Info:    Checking defaults for U/cmr/m/n on input line 63.
LaTeX Font Info:    ... okay on input line 63.
("D:\Program Files\MiKTeX 2.8\tex\latex\unicode\ucsencs.def"
File: ucsencs.def 2003/11/29 Fixes to fontencodings LGR, T3
)
LaTeX Info: Redefining \degres on input line 63.
LaTeX Info: Redefining \dots on input line 63.
LaTeX Info: Redefining \up on input line 63.

("D:\Program Files\MiKTeX 2.8\tex\context\base\supp-pdf.tex"
[Loading MPS to PDF converter (version 2006.09.02).]
\scratchcounter=\count104
\scratchdimen=\dimen114
\scratchbox=\box28
\nofMPsegments=\count105
\nofMParguments=\count106
\everyMPshowfont=\toks21
\MPscratchCnt=\count107
\MPscratchDim=\dimen115
\MPnumerator=\count108
\everyMPtoPDFconversion=\toks22
)
\c@lstlisting=\count109
LaTeX Font Info:    External font `cmex10' loaded for size
(Font)              <14.4> on input line 64.
LaTeX Font Info:    External font `cmex10' loaded for size
(Font)              <7> on input line 64.
 ("D:\Program Files\MiKTeX 2.8\tex\latex\unicode\data\uni-0.def"
File: uni-0.def 2004/10/17 UCS: Unicode data U+0000..U+00FF
)
LaTeX Font Info:    Try loading font information for T1+cmtt on input line 66.

("D:\Program Files\MiKTeX 2.8\tex\latex\base\t1cmtt.fd"
File: t1cmtt.fd 1999/05/25 v2.5h Standard LaTeX font definitions
)
("D:\Program Files\MiKTeX 2.8\tex\latex\base\latin1.def"
File: latin1.def 2006/05/05 v1.1b Input encoding file
)
("D:\Program Files\MiKTeX 2.8\tex\generic\oberdiek\se-utf8.def"
File: se-utf8.def 2008/10/27 v1.6 stringenc: UTF-8
)
("D:\Program Files\MiKTeX 2.8\tex\generic\oberdiek\se-iso-8859-1.def"
File: se-iso-8859-1.def 2008/10/27 v1.6 stringenc: ISO-8859-1
)
LaTeX Font Info:    Font shape `T1/cmtt/bx/n' in size <10> not available
(Font)              Font shape `T1/cmtt/m/n' tried instead on input line 11.

("D:\Program Files\MiKTeX 2.8\tex\latex\base\latin1.def"
File: latin1.def 2006/05/05 v1.1b Input encoding file
) [1

{C:/ProgramData/MiKTeX/2.8/pdftex/config/pdftex.map}]
("D:\Program Files\MiKTeX 2.8\tex\latex\base\latin1.def"
File: latin1.def 2006/05/05 v1.1b Input encoding file
) [2]
("D:\Program Files\MiKTeX 2.8\tex\latex\base\latin1.def"
File: latin1.def 2006/05/05 v1.1b Input encoding file
) [3]
("D:\Program Files\MiKTeX 2.8\tex\latex\base\latin1.def"
File: latin1.def 2006/05/05 v1.1b Input encoding file
)
("D:\Program Files\MiKTeX 2.8\tex\latex\base\latin1.def"
File: latin1.def 2006/05/05 v1.1b Input encoding file
) [4]
("D:\Program Files\MiKTeX 2.8\tex\latex\base\latin1.def"
File: latin1.def 2006/05/05 v1.1b Input encoding file
)
("D:\Program Files\MiKTeX 2.8\tex\latex\base\latin1.def"
File: latin1.def 2006/05/05 v1.1b Input encoding file
) [5] [6] [7]
("D:\Program Files\MiKTeX 2.8\tex\latex\base\latin1.def"
File: latin1.def 2006/05/05 v1.1b Input encoding file
)
("D:\Program Files\MiKTeX 2.8\tex\latex\base\latin1.def"
File: latin1.def 2006/05/05 v1.1b Input encoding file
) [8] [9]
("D:\Program Files\MiKTeX 2.8\tex\latex\base\latin1.def"
File: latin1.def 2006/05/05 v1.1b Input encoding file
)
("D:\Program Files\MiKTeX 2.8\tex\latex\base\latin1.def"
File: latin1.def 2006/05/05 v1.1b Input encoding file
) [10] [11] [12]
("D:\Program Files\MiKTeX 2.8\tex\latex\base\latin1.def"
File: latin1.def 2006/05/05 v1.1b Input encoding file
)
("D:\Program Files\MiKTeX 2.8\tex\latex\base\latin1.def"
File: latin1.def 2006/05/05 v1.1b Input encoding file
) [13] [14]
("D:\Program Files\MiKTeX 2.8\tex\latex\base\latin1.def"
File: latin1.def 2006/05/05 v1.1b Input encoding file
) [15]
("D:\Program Files\MiKTeX 2.8\tex\latex\base\latin1.def"
File: latin1.def 2006/05/05 v1.1b Input encoding file
) [16] [17]
("D:\Program Files\MiKTeX 2.8\tex\latex\base\latin1.def"
File: latin1.def 2006/05/05 v1.1b Input encoding file
)
("D:\Program Files\MiKTeX 2.8\tex\latex\base\latin1.def"
File: latin1.def 2006/05/05 v1.1b Input encoding file
) [18]
("D:\Program Files\MiKTeX 2.8\tex\latex\base\latin1.def"
File: latin1.def 2006/05/05 v1.1b Input encoding file
) [19]
("D:\Program Files\MiKTeX 2.8\tex\latex\base\latin1.def"
File: latin1.def 2006/05/05 v1.1b Input encoding file
)
("D:\Program Files\MiKTeX 2.8\tex\latex\base\latin1.def"
File: latin1.def 2006/05/05 v1.1b Input encoding file
) [20]
("D:\Program Files\MiKTeX 2.8\tex\latex\base\latin1.def"
File: latin1.def 2006/05/05 v1.1b Input encoding file
) [21] [22] [23]
("D:\Program Files\MiKTeX 2.8\tex\latex\base\latin1.def"
File: latin1.def 2006/05/05 v1.1b Input encoding file
) [24] [25]
("D:\Users\Gareth\Desktop\TPs 4INFO\TPs CPOO\TP3\CR_CPOO.aux") ) 
Here is how much of TeX's memory you used:
 4925 strings out of 495285
 67163 string characters out of 3180390
 206828 words of memory out of 3000000
 8016 multiletter control sequences out of 15000+200000
 8907 words of font info for 24 fonts, out of 3000000 for 9000
 14 hyphenation exceptions out of 8191
 29i,6n,47p,335b,2087s stack positions out of 5000i,500n,10000p,200000b,50000s
{D:/Program Fil
es/MiKTeX 2.8/fonts/enc/dvips/cm-super/cm-super-t1.enc}<D:/Program Files/MiKTeX
 2.8/fonts/type1/public/cm-super/sfcc1440.pfb><D:/Program Files/MiKTeX 2.8/font
s/type1/public/cm-super/sfrm1000.pfb><D:/Program Files/MiKTeX 2.8/fonts/type1/p
ublic/cm-super/sfrm1200.pfb><D:/Program Files/MiKTeX 2.8/fonts/type1/public/cm-
super/sfrm1440.pfb><D:/Program Files/MiKTeX 2.8/fonts/type1/public/cm-super/sfr
m2074.pfb><D:/Program Files/MiKTeX 2.8/fonts/type1/public/cm-super/sftt1000.pfb
>
Output written on CR_CPOO.pdf (25 pages, 172549 bytes).
PDF statistics:
 108 PDF objects out of 1000 (max. 8388607)
 0 named destinations out of 1000 (max. 500000)
 1 words of extra memory for PDF output out of 10000 (max. 10000000)

