La génération a démarré 14/10/2010 11:27:30.
     1>Projet "D:\Tmp\TP4\TP4fraction\TP4fraction\TP4fraction.vcxproj" sur le nœud 2 (build cible(s)).
     1>InitializeBuildStatus:
         Création de "Debug\TP4fraction.unsuccessfulbuild", car "AlwaysCreate" a été spécifié.
       ClCompile:
         C:\Program Files\Microsoft Visual Studio 10.0\VC\bin\CL.exe /c /ZI /nologo /W3 /WX- /Od /Oy- /D WIN32 /D _DEBUG /D _CONSOLE /D _UNICODE /D UNICODE /Gm /EHsc /RTC1 /MDd /GS /fp:precise /Zc:wchar_t /Zc:forScope /Fo"Debug\\" /Fd"Debug\vc100.pdb" /Gd /TP /analyze- /errorReport:prompt main.cpp
         main.cpp
       ManifestResourceCompile:
         Toutes les sorties sont à jour.
       Link:
         C:\Program Files\Microsoft Visual Studio 10.0\VC\bin\link.exe /ERRORREPORT:PROMPT /OUT:"D:\Tmp\TP4\TP4fraction\Debug\TP4fraction.exe" /INCREMENTAL /NOLOGO kernel32.lib user32.lib gdi32.lib winspool.lib comdlg32.lib advapi32.lib shell32.lib ole32.lib oleaut32.lib uuid.lib odbc32.lib odbccp32.lib /MANIFEST /ManifestFile:"Debug\TP4fraction.exe.intermediate.manifest" /MANIFESTUAC:"level='asInvoker' uiAccess='false'" /DEBUG /PDB:"D:\Tmp\TP4\TP4fraction\Debug\TP4fraction.pdb" /SUBSYSTEM:CONSOLE /TLBID:1 /DYNAMICBASE /NXCOMPAT /IMPLIB:"D:\Tmp\TP4\TP4fraction\Debug\TP4fraction.lib" /MACHINE:X86 Debug\TP4fraction.exe.embed.manifest.res
         Debug\fraction.obj
         Debug\main.obj
       Manifest:
         C:\Program Files\Microsoft SDKs\Windows\v7.0A\bin\mt.exe /nologo /verbose /out:"Debug\TP4fraction.exe.embed.manifest" /manifest Debug\TP4fraction.exe.intermediate.manifest
         Toutes les sorties sont à jour.
       LinkEmbedManifest:
         Toutes les sorties sont à jour.
         TP4fraction.vcxproj -> D:\Tmp\TP4\TP4fraction\Debug\TP4fraction.exe
       FinalizeBuildStatus:
         Suppression du fichier "Debug\TP4fraction.unsuccessfulbuild".
         Mise à jour de l'horodatage "Debug\TP4fraction.lastbuildstate".
     1>Génération du projet "D:\Tmp\TP4\TP4fraction\TP4fraction\TP4fraction.vcxproj" terminée (build cible(s)).

La génération a réussi.

Temps écoulé 00:00:02.26
